

<!DOCTYPE html>
<html>

<head>
	<meta charset='UTF-8' /> 
	<meta name='description' content='' />
	<meta name='robots' content='noodp, noydir' />
	<meta name='viewport' content='width=device-width, initial-scale=1' />

	<link href='http://fonts.googleapis.com/css?family=Source+Sans+Pro:400,600' rel='stylesheet' type='text/css'>
	<link href="http://fonts.googleapis.com/icon?family=Material+Icons" rel="stylesheet">
	<link href='http://cdn.rawgit.com/anshooarora/extentreports-java/9fa70d0ed9c34a8ed445ceee3494d3d7de7f8918/dist/css/extent.css' type='text/css' rel='stylesheet' />
	
	<title>Fontexplorerx.com</title>

</head>
	<body class='extent standard default hide-overflow '>
		<div id='theme-selector' alt='Click to toggle theme. To enable by default, use theme configuration.' title='Click to toggle theme. To enable by default, use theme configuration.'>
			<span><i class='material-icons'>desktop_windows</i></span>
		</div>

<nav>
	<div class="nav-wrapper">
		<a href="#!" class="brand-logo blue darken-3">Extent</a>

		<!-- slideout menu -->
		<ul id='slide-out' class='side-nav fixed hide-on-med-and-down'>
			<li class='waves-effect active'><a href='#!' view='test-view' onclick="configureView(0);chartsView('test');"><i class='material-icons'>dashboard</i></a></li>
						<li class='waves-effect'><a href='#!' onclick="configureView(-1);chartsView('dashboard');" view='dashboard-view'><i class='material-icons'>track_changes</i></i></a></li>
		</ul>

		<!-- report name -->
		<span class='report-name'>FontExplorerx.com Report
            
                <img src='/Users/fexuser/IdeaProjects/FontExplorerX.com/Logo/fontexplorer.png'/>
            
        </span>
		
		<!-- report headline -->
		<span class='report-headline'></span>

		<!-- nav-right -->
		<ul id='nav-mobile' class='right hide-on-med-and-down nav-right'>
			<a href='#!'>
				<span class='label suite-start-time'>Apr 8, 2022, 11:56:35 AM</span>
			</a>
			<a href='#!'>
				<span class='label'>v3.0.1</span>
			</a>
		</ul>
	</div>
</nav>
		<!-- container -->
		<div class='container'>

<div id='test-view' class='view'>
				
	<section id='controls'>
		<div class='controls grey lighten-4'>
			<!-- test toggle -->
			<div class='chip transparent'>
				<a class='dropdown-button tests-toggle' data-activates='tests-toggle' data-constrainwidth='true' data-beloworigin='true' data-hover='true' href='#'>
					<i class='material-icons'>warning</i> Status
				</a>
				<ul id='tests-toggle' class='dropdown-content'>
											<li status='pass'><a href='#!'>Pass <i class='material-icons green-text'>check_circle</i></a></li>
						<li status='fail'><a href='#!'>Fail <i class='material-icons red-text'>cancel</i></a></li>
					<li class='divider'></li>
					<li status='clear' clear='true'><a href='#!'>Clear Filters <i class='material-icons'>clear</i></a></li>
				</ul>
			</div>
			<!-- test toggle -->

			<!-- category toggle -->
			<!-- category toggle -->

			<!-- clear filters -->
			<div class='chip transparent hide'>
				<a class='' id='clear-filters' alt='Clear Filters' title='Clear Filters'>
					<i class='material-icons'>close</i> Clear
				</a>
			</div>
			<!-- clear filters -->

			<!-- enable dashboard -->
			<div id='toggle-test-view-charts' class='chip transparent'>
				<a class='pink-text' id='enable-dashboard' alt='Enable Dashboard' title='Enable Dashboard'>
					<i class='material-icons'>track_changes</i> Dashboard
				</a>
			</div>
			<!-- enable dashboard -->

			<!-- search -->
			<div class='chip transparent' alt='Search Tests' title='Search Tests'>
				<a href="#" class='search-div'>
					<i class='material-icons'>search</i> Search
				</a>

				<div class='input-field left hide'>
					<input id='search-tests' type='text' class='validate browser-default' placeholder='Search Tests...'>
				</div>
				
			</div>
			<!-- search -->
		</div>
	</section>


<div id='test-view-charts' class='subview-full'>
	<div id='charts-row' class='row nm-v nm-h'>
		<div class='col s12 m6 l6 np-h'>
			<div class='card-panel nm-v'>
				<div class='left panel-name'>Tests</div>
				<div class='chart-box'>
					<canvas id='parent-analysis' width='100' height='80'></canvas>
				</div>
				<div class='block text-small'>
					<span><span class='strong'>3</span> test(s) passed</span>
				</div>
				<div class='block text-small'>
					<span class='strong'>13</span> test(s) failed, <span class='strong'>0</span> others
				</div>
			</div>
		</div>
		
		<div class='col s12 m6 l6 np-h'>
			<div class='card-panel nm-v'>
				<div class='left panel-name'>Steps</div>
				<div class='chart-box'>
					<canvas id='child-analysis' width='100' height='80'></canvas>
				</div>
				<div class='block text-small'>
					<span><span class='strong'>3</span> step(s) passed</span>
				</div>
				<div class='block text-small'>
					<span class='strong'>39</span> step(s) failed, <span class='strong'>0</span> others
				</div>
			</div>
		</div>
		
	</div>
</div>

	<div class='subview-left left'>
		
		<div class='view-summary'>
			<h5>Tests</h3>
			<ul id='test-collection' class='test-collection'>
				
				
				<li class='test displayed active  pass' status='pass' bdd='false' test-id='1'>
					<div class='test-heading'>
						<span class='test-name'>verifyLogo</span>
						<span class='test-time'>Apr 8, 2022, 11:56:57 AM</span>
						<span class='test-status right pass'>pass</span>
					</div>
					<div class='test-content hide'>
<div class='test-time-info'>
	<span class='label start-time'>Apr 8, 2022, 11:56:57 AM</span>
	<span class='label end-time'>Apr 8, 2022, 11:56:57 AM</span>
	<span class='label time-taken grey lighten-1 white-text'>0h 0m 0s+133ms</span>
</div>
	<div class='test-steps'>
		<table class='bordered table-results'>
			<thead>
				<tr>
					<th>Status</th>
					<th>Timestamp</th>
					<th>Details</th>
				</tr>
			</thead>
			<tbody>
				<tr class='log' status='pass'>
					<td class='status pass' title='pass' alt='pass'><i class='material-icons'>check_circle</i></td>
					<td class='timestamp'>11:56:57 AM</td>
					<td class='step-details'>Pass Test case is: verifyLogo</td>
				</tr>
			</tbody>
		</table>
	</div>
					</div>
				</li>
				
				
				<li class='test displayed active  pass' status='pass' bdd='false' test-id='2'>
					<div class='test-heading'>
						<span class='test-name'>verifytitle</span>
						<span class='test-time'>Apr 8, 2022, 11:57:08 AM</span>
						<span class='test-status right pass'>pass</span>
					</div>
					<div class='test-content hide'>
<div class='test-time-info'>
	<span class='label start-time'>Apr 8, 2022, 11:57:08 AM</span>
	<span class='label end-time'>Apr 8, 2022, 11:57:08 AM</span>
	<span class='label time-taken grey lighten-1 white-text'>0h 0m 0s+10ms</span>
</div>
	<div class='test-steps'>
		<table class='bordered table-results'>
			<thead>
				<tr>
					<th>Status</th>
					<th>Timestamp</th>
					<th>Details</th>
				</tr>
			</thead>
			<tbody>
				<tr class='log' status='pass'>
					<td class='status pass' title='pass' alt='pass'><i class='material-icons'>check_circle</i></td>
					<td class='timestamp'>11:57:08 AM</td>
					<td class='step-details'>Pass Test case is: verifytitle</td>
				</tr>
			</tbody>
		</table>
	</div>
					</div>
				</li>
				
				
				<li class='test displayed active  fail' status='fail' bdd='false' test-id='3'>
					<div class='test-heading'>
						<span class='test-name'>endToEndTest</span>
						<span class='test-time'>Apr 8, 2022, 11:57:20 AM</span>
						<span class='test-status right fail'>fail</span>
					</div>
					<div class='test-content hide'>
<div class='test-time-info'>
	<span class='label start-time'>Apr 8, 2022, 11:57:20 AM</span>
	<span class='label end-time'>Apr 8, 2022, 11:57:34 AM</span>
	<span class='label time-taken grey lighten-1 white-text'>0h 0m 14s+318ms</span>
</div>
	<div class='test-steps'>
		<table class='bordered table-results'>
			<thead>
				<tr>
					<th>Status</th>
					<th>Timestamp</th>
					<th>Details</th>
				</tr>
			</thead>
			<tbody>
				<tr class='log' status='fail'>
					<td class='status fail' title='fail' alt='fail'><i class='material-icons'>cancel</i></td>
					<td class='timestamp'>11:57:33 AM</td>
					<td class='step-details'><span class='label white-text red'>endToEndTest - Test Case Failed</span></td>
				</tr>
				<tr class='log' status='fail'>
					<td class='status fail' title='fail' alt='fail'><i class='material-icons'>cancel</i></td>
					<td class='timestamp'>11:57:33 AM</td>
					<td class='step-details'><span class='label white-text red'>org.openqa.selenium.json.JsonException: java.lang.reflect.InvocationTargetException
Build info: version: '4.1.1', revision: 'e8fcc2cecf'
System info: host: 'Ankitas-MacBook-Pro.local', ip: '2400:1a00:b030:84cb:801f:4430:71cc:71%en0', os.name: 'Mac OS X', os.arch: 'x86_64', os.version: '11.6.4', java.version: '18'
Driver info: org.openqa.selenium.chrome.ChromeDriver
Command: [91127a683b5cf3809f53fa17df75211c, actions {actions=[org.openqa.selenium.interactions.Sequence@b52b755]}]
Capabilities {acceptInsecureCerts: false, browserName: chrome, browserVersion: 100.0.4896.75, chrome: {chromedriverVersion: 100.0.4896.60 (6a5d10861ce8..., userDataDir: /var/folders/lc/z6m9r3lx617...}, goog:chromeOptions: {debuggerAddress: localhost:53934}, javascriptEnabled: true, networkConnectionEnabled: false, pageLoadStrategy: normal, platform: MAC, platformName: MAC, proxy: Proxy(), se:cdp: ws://localhost:53934/devtoo..., se:cdpVersion: 100.0.4896.75, setWindowRect: true, strictFileInteractability: false, timeouts: {implicit: 0, pageLoad: 300000, script: 30000}, unhandledPromptBehavior: dismiss and notify, webauthn:extension:credBlob: true, webauthn:extension:largeBlob: true, webauthn:virtualAuthenticators: true}
Session ID: 91127a683b5cf3809f53fa17df75211c - Test Case Failed</span></td>
				</tr>
				<tr class='log' status='fail'>
					<td class='status fail' title='fail' alt='fail'><i class='material-icons'>cancel</i></td>
					<td class='timestamp'>11:57:34 AM</td>
					<td class='step-details'>ScreenShot is Attached<img data-featherlight='/Users/fexuser/IdeaProjects/Fontexplorerx.com/Screenshots/ScreenshotsendToEndTest_20220408115733.png' width='10%' src='' data-src='/Users/fexuser/IdeaProjects/Fontexplorerx.com/Screenshots/ScreenshotsendToEndTest_20220408115733.png'></td>
				</tr>
			</tbody>
		</table>
	</div>
					</div>
				</li>
				
				
				<li class='test displayed active  fail' status='fail' bdd='false' test-id='4'>
					<div class='test-heading'>
						<span class='test-name'>homepageTest</span>
						<span class='test-time'>Apr 8, 2022, 11:57:45 AM</span>
						<span class='test-status right fail'>fail</span>
					</div>
					<div class='test-content hide'>
<div class='test-time-info'>
	<span class='label start-time'>Apr 8, 2022, 11:57:45 AM</span>
	<span class='label end-time'>Apr 8, 2022, 11:58:12 AM</span>
	<span class='label time-taken grey lighten-1 white-text'>0h 0m 27s+32ms</span>
</div>
	<div class='test-steps'>
		<table class='bordered table-results'>
			<thead>
				<tr>
					<th>Status</th>
					<th>Timestamp</th>
					<th>Details</th>
				</tr>
			</thead>
			<tbody>
				<tr class='log' status='fail'>
					<td class='status fail' title='fail' alt='fail'><i class='material-icons'>cancel</i></td>
					<td class='timestamp'>11:58:11 AM</td>
					<td class='step-details'><span class='label white-text red'>homepageTest - Test Case Failed</span></td>
				</tr>
				<tr class='log' status='fail'>
					<td class='status fail' title='fail' alt='fail'><i class='material-icons'>cancel</i></td>
					<td class='timestamp'>11:58:11 AM</td>
					<td class='step-details'><span class='label white-text red'>org.openqa.selenium.json.JsonException: java.lang.reflect.InvocationTargetException
Build info: version: '4.1.1', revision: 'e8fcc2cecf'
System info: host: 'Ankitas-MacBook-Pro.local', ip: '2400:1a00:b030:84cb:801f:4430:71cc:71%en0', os.name: 'Mac OS X', os.arch: 'x86_64', os.version: '11.6.4', java.version: '18'
Driver info: org.openqa.selenium.chrome.ChromeDriver
Command: [287fea7749b513ee91dab2ee033428c0, actions {actions=[org.openqa.selenium.interactions.Sequence@43a09ce2]}]
Capabilities {acceptInsecureCerts: false, browserName: chrome, browserVersion: 100.0.4896.75, chrome: {chromedriverVersion: 100.0.4896.60 (6a5d10861ce8..., userDataDir: /var/folders/lc/z6m9r3lx617...}, goog:chromeOptions: {debuggerAddress: localhost:54074}, javascriptEnabled: true, networkConnectionEnabled: false, pageLoadStrategy: normal, platform: MAC, platformName: MAC, proxy: Proxy(), se:cdp: ws://localhost:54074/devtoo..., se:cdpVersion: 100.0.4896.75, setWindowRect: true, strictFileInteractability: false, timeouts: {implicit: 0, pageLoad: 300000, script: 30000}, unhandledPromptBehavior: dismiss and notify, webauthn:extension:credBlob: true, webauthn:extension:largeBlob: true, webauthn:virtualAuthenticators: true}
Session ID: 287fea7749b513ee91dab2ee033428c0 - Test Case Failed</span></td>
				</tr>
				<tr class='log' status='fail'>
					<td class='status fail' title='fail' alt='fail'><i class='material-icons'>cancel</i></td>
					<td class='timestamp'>11:58:12 AM</td>
					<td class='step-details'>ScreenShot is Attached<img data-featherlight='/Users/fexuser/IdeaProjects/Fontexplorerx.com/Screenshots/ScreenshotshomepageTest_20220408115811.png' width='10%' src='' data-src='/Users/fexuser/IdeaProjects/Fontexplorerx.com/Screenshots/ScreenshotshomepageTest_20220408115811.png'></td>
				</tr>
			</tbody>
		</table>
	</div>
					</div>
				</li>
				
				
				<li class='test displayed active  fail' status='fail' bdd='false' test-id='5'>
					<div class='test-heading'>
						<span class='test-name'>navigateToHelp</span>
						<span class='test-time'>Apr 8, 2022, 11:58:24 AM</span>
						<span class='test-status right fail'>fail</span>
					</div>
					<div class='test-content hide'>
<div class='test-time-info'>
	<span class='label start-time'>Apr 8, 2022, 11:58:24 AM</span>
	<span class='label end-time'>Apr 8, 2022, 11:58:45 AM</span>
	<span class='label time-taken grey lighten-1 white-text'>0h 0m 21s+126ms</span>
</div>
	<div class='test-steps'>
		<table class='bordered table-results'>
			<thead>
				<tr>
					<th>Status</th>
					<th>Timestamp</th>
					<th>Details</th>
				</tr>
			</thead>
			<tbody>
				<tr class='log' status='fail'>
					<td class='status fail' title='fail' alt='fail'><i class='material-icons'>cancel</i></td>
					<td class='timestamp'>11:58:44 AM</td>
					<td class='step-details'><span class='label white-text red'>navigateToHelp - Test Case Failed</span></td>
				</tr>
				<tr class='log' status='fail'>
					<td class='status fail' title='fail' alt='fail'><i class='material-icons'>cancel</i></td>
					<td class='timestamp'>11:58:44 AM</td>
					<td class='step-details'><span class='label white-text red'>org.openqa.selenium.json.JsonException: java.lang.reflect.InvocationTargetException
Build info: version: '4.1.1', revision: 'e8fcc2cecf'
System info: host: 'Ankitas-MacBook-Pro.local', ip: '2400:1a00:b030:84cb:801f:4430:71cc:71%en0', os.name: 'Mac OS X', os.arch: 'x86_64', os.version: '11.6.4', java.version: '18'
Driver info: org.openqa.selenium.chrome.ChromeDriver
Command: [398d65bc1dcb2a7108e095c3136a6198, actions {actions=[org.openqa.selenium.interactions.Sequence@766a49c7]}]
Capabilities {acceptInsecureCerts: false, browserName: chrome, browserVersion: 100.0.4896.75, chrome: {chromedriverVersion: 100.0.4896.60 (6a5d10861ce8..., userDataDir: /var/folders/lc/z6m9r3lx617...}, goog:chromeOptions: {debuggerAddress: localhost:54231}, javascriptEnabled: true, networkConnectionEnabled: false, pageLoadStrategy: normal, platform: MAC, platformName: MAC, proxy: Proxy(), se:cdp: ws://localhost:54231/devtoo..., se:cdpVersion: 100.0.4896.75, setWindowRect: true, strictFileInteractability: false, timeouts: {implicit: 0, pageLoad: 300000, script: 30000}, unhandledPromptBehavior: dismiss and notify, webauthn:extension:credBlob: true, webauthn:extension:largeBlob: true, webauthn:virtualAuthenticators: true}
Session ID: 398d65bc1dcb2a7108e095c3136a6198 - Test Case Failed</span></td>
				</tr>
				<tr class='log' status='fail'>
					<td class='status fail' title='fail' alt='fail'><i class='material-icons'>cancel</i></td>
					<td class='timestamp'>11:58:45 AM</td>
					<td class='step-details'>ScreenShot is Attached<img data-featherlight='/Users/fexuser/IdeaProjects/Fontexplorerx.com/Screenshots/ScreenshotsnavigateToHelp_20220408115844.png' width='10%' src='' data-src='/Users/fexuser/IdeaProjects/Fontexplorerx.com/Screenshots/ScreenshotsnavigateToHelp_20220408115844.png'></td>
				</tr>
			</tbody>
		</table>
	</div>
					</div>
				</li>
				
				
				<li class='test displayed active  pass' status='pass' bdd='false' test-id='6'>
					<div class='test-heading'>
						<span class='test-name'>verifyForgetPassword</span>
						<span class='test-time'>Apr 8, 2022, 11:58:56 AM</span>
						<span class='test-status right pass'>pass</span>
					</div>
					<div class='test-content hide'>
<div class='test-time-info'>
	<span class='label start-time'>Apr 8, 2022, 11:58:56 AM</span>
	<span class='label end-time'>Apr 8, 2022, 11:59:03 AM</span>
	<span class='label time-taken grey lighten-1 white-text'>0h 0m 6s+414ms</span>
</div>
	<div class='test-steps'>
		<table class='bordered table-results'>
			<thead>
				<tr>
					<th>Status</th>
					<th>Timestamp</th>
					<th>Details</th>
				</tr>
			</thead>
			<tbody>
				<tr class='log' status='pass'>
					<td class='status pass' title='pass' alt='pass'><i class='material-icons'>check_circle</i></td>
					<td class='timestamp'>11:59:03 AM</td>
					<td class='step-details'>Pass Test case is: verifyForgetPassword</td>
				</tr>
			</tbody>
		</table>
	</div>
					</div>
				</li>
				
				
				<li class='test displayed active  fail' status='fail' bdd='false' test-id='7'>
					<div class='test-heading'>
						<span class='test-name'>createAccountTest</span>
						<span class='test-time'>Apr 8, 2022, 11:59:14 AM</span>
						<span class='test-status right fail'>fail</span>
					</div>
					<div class='test-content hide'>
<div class='test-time-info'>
	<span class='label start-time'>Apr 8, 2022, 11:59:14 AM</span>
	<span class='label end-time'>Apr 8, 2022, 12:00:03 PM</span>
	<span class='label time-taken grey lighten-1 white-text'>0h 0m 49s+527ms</span>
</div>
	<div class='test-steps'>
		<table class='bordered table-results'>
			<thead>
				<tr>
					<th>Status</th>
					<th>Timestamp</th>
					<th>Details</th>
				</tr>
			</thead>
			<tbody>
				<tr class='log' status='fail'>
					<td class='status fail' title='fail' alt='fail'><i class='material-icons'>cancel</i></td>
					<td class='timestamp'>12:00:03 PM</td>
					<td class='step-details'><span class='label white-text red'>createAccountTest - Test Case Failed</span></td>
				</tr>
				<tr class='log' status='fail'>
					<td class='status fail' title='fail' alt='fail'><i class='material-icons'>cancel</i></td>
					<td class='timestamp'>12:00:03 PM</td>
					<td class='step-details'><span class='label white-text red'>org.openqa.selenium.NoSuchElementException: no such element: Unable to locate element: {"method":"css selector","selector":"a[href='/account']"}
  (Session info: chrome=100.0.4896.75)
For documentation on this error, please visit: https://selenium.dev/exceptions/#no_such_element
Build info: version: '4.1.1', revision: 'e8fcc2cecf'
System info: host: 'Ankitas-MacBook-Pro.local', ip: '2400:1a00:b030:84cb:801f:4430:71cc:71%en0', os.name: 'Mac OS X', os.arch: 'x86_64', os.version: '11.6.4', java.version: '18'
Driver info: org.openqa.selenium.chrome.ChromeDriver
Command: [ab9583f89df8dcb8212e3d5674eb34b4, findElement {using=css selector, value=a[href='/account']}]
Capabilities {acceptInsecureCerts: false, browserName: chrome, browserVersion: 100.0.4896.75, chrome: {chromedriverVersion: 100.0.4896.60 (6a5d10861ce8..., userDataDir: /var/folders/lc/z6m9r3lx617...}, goog:chromeOptions: {debuggerAddress: localhost:54549}, javascriptEnabled: true, networkConnectionEnabled: false, pageLoadStrategy: normal, platform: MAC, platformName: MAC, proxy: Proxy(), se:cdp: ws://localhost:54549/devtoo..., se:cdpVersion: 100.0.4896.75, setWindowRect: true, strictFileInteractability: false, timeouts: {implicit: 0, pageLoad: 300000, script: 30000}, unhandledPromptBehavior: dismiss and notify, webauthn:extension:credBlob: true, webauthn:extension:largeBlob: true, webauthn:virtualAuthenticators: true}
Session ID: ab9583f89df8dcb8212e3d5674eb34b4 - Test Case Failed</span></td>
				</tr>
				<tr class='log' status='fail'>
					<td class='status fail' title='fail' alt='fail'><i class='material-icons'>cancel</i></td>
					<td class='timestamp'>12:00:03 PM</td>
					<td class='step-details'>ScreenShot is Attached<img data-featherlight='/Users/fexuser/IdeaProjects/Fontexplorerx.com/Screenshots/ScreenshotscreateAccountTest_20220408120003.png' width='10%' src='' data-src='/Users/fexuser/IdeaProjects/Fontexplorerx.com/Screenshots/ScreenshotscreateAccountTest_20220408120003.png'></td>
				</tr>
			</tbody>
		</table>
	</div>
					</div>
				</li>
				
				
				<li class='test displayed active  fail' status='fail' bdd='false' test-id='8'>
					<div class='test-heading'>
						<span class='test-name'>freeTrialTest</span>
						<span class='test-time'>Apr 8, 2022, 12:00:16 PM</span>
						<span class='test-status right fail'>fail</span>
					</div>
					<div class='test-content hide'>
<div class='test-time-info'>
	<span class='label start-time'>Apr 8, 2022, 12:00:16 PM</span>
	<span class='label end-time'>Apr 8, 2022, 12:01:01 PM</span>
	<span class='label time-taken grey lighten-1 white-text'>0h 0m 45s+900ms</span>
</div>
	<div class='test-steps'>
		<table class='bordered table-results'>
			<thead>
				<tr>
					<th>Status</th>
					<th>Timestamp</th>
					<th>Details</th>
				</tr>
			</thead>
			<tbody>
				<tr class='log' status='fail'>
					<td class='status fail' title='fail' alt='fail'><i class='material-icons'>cancel</i></td>
					<td class='timestamp'>12:01:00 PM</td>
					<td class='step-details'><span class='label white-text red'>freeTrialTest - Test Case Failed</span></td>
				</tr>
				<tr class='log' status='fail'>
					<td class='status fail' title='fail' alt='fail'><i class='material-icons'>cancel</i></td>
					<td class='timestamp'>12:01:00 PM</td>
					<td class='step-details'><span class='label white-text red'>org.openqa.selenium.json.JsonException: java.lang.reflect.InvocationTargetException
Build info: version: '4.1.1', revision: 'e8fcc2cecf'
System info: host: 'Ankitas-MacBook-Pro.local', ip: '2400:1a00:b030:84cb:801f:4430:71cc:71%en0', os.name: 'Mac OS X', os.arch: 'x86_64', os.version: '11.6.4', java.version: '18'
Driver info: org.openqa.selenium.chrome.ChromeDriver
Command: [2609524b6ccfd4ef126e4480b6d13858, actions {actions=[org.openqa.selenium.interactions.Sequence@5f726750]}]
Capabilities {acceptInsecureCerts: false, browserName: chrome, browserVersion: 100.0.4896.75, chrome: {chromedriverVersion: 100.0.4896.60 (6a5d10861ce8..., userDataDir: /var/folders/lc/z6m9r3lx617...}, goog:chromeOptions: {debuggerAddress: localhost:54815}, javascriptEnabled: true, networkConnectionEnabled: false, pageLoadStrategy: normal, platform: MAC, platformName: MAC, proxy: Proxy(), se:cdp: ws://localhost:54815/devtoo..., se:cdpVersion: 100.0.4896.75, setWindowRect: true, strictFileInteractability: false, timeouts: {implicit: 0, pageLoad: 300000, script: 30000}, unhandledPromptBehavior: dismiss and notify, webauthn:extension:credBlob: true, webauthn:extension:largeBlob: true, webauthn:virtualAuthenticators: true}
Session ID: 2609524b6ccfd4ef126e4480b6d13858 - Test Case Failed</span></td>
				</tr>
				<tr class='log' status='fail'>
					<td class='status fail' title='fail' alt='fail'><i class='material-icons'>cancel</i></td>
					<td class='timestamp'>12:01:01 PM</td>
					<td class='step-details'>ScreenShot is Attached<img data-featherlight='/Users/fexuser/IdeaProjects/Fontexplorerx.com/Screenshots/ScreenshotsfreeTrialTest_20220408120100.png' width='10%' src='' data-src='/Users/fexuser/IdeaProjects/Fontexplorerx.com/Screenshots/ScreenshotsfreeTrialTest_20220408120100.png'></td>
				</tr>
			</tbody>
		</table>
	</div>
					</div>
				</li>
				
				
				<li class='test displayed active  fail' status='fail' bdd='false' test-id='9'>
					<div class='test-heading'>
						<span class='test-name'>checkoutPageTest</span>
						<span class='test-time'>Apr 8, 2022, 12:01:14 PM</span>
						<span class='test-status right fail'>fail</span>
					</div>
					<div class='test-content hide'>
<div class='test-time-info'>
	<span class='label start-time'>Apr 8, 2022, 12:01:14 PM</span>
	<span class='label end-time'>Apr 8, 2022, 12:01:38 PM</span>
	<span class='label time-taken grey lighten-1 white-text'>0h 0m 24s+501ms</span>
</div>
	<div class='test-steps'>
		<table class='bordered table-results'>
			<thead>
				<tr>
					<th>Status</th>
					<th>Timestamp</th>
					<th>Details</th>
				</tr>
			</thead>
			<tbody>
				<tr class='log' status='fail'>
					<td class='status fail' title='fail' alt='fail'><i class='material-icons'>cancel</i></td>
					<td class='timestamp'>12:01:37 PM</td>
					<td class='step-details'><span class='label white-text red'>checkoutPageTest - Test Case Failed</span></td>
				</tr>
				<tr class='log' status='fail'>
					<td class='status fail' title='fail' alt='fail'><i class='material-icons'>cancel</i></td>
					<td class='timestamp'>12:01:37 PM</td>
					<td class='step-details'><span class='label white-text red'>org.openqa.selenium.json.JsonException: java.lang.reflect.InvocationTargetException
Build info: version: '4.1.1', revision: 'e8fcc2cecf'
System info: host: 'Ankitas-MacBook-Pro.local', ip: '2400:1a00:b030:84cb:801f:4430:71cc:71%en0', os.name: 'Mac OS X', os.arch: 'x86_64', os.version: '11.6.4', java.version: '18'
Driver info: org.openqa.selenium.chrome.ChromeDriver
Command: [3586e33f7c0a0ef61c8b04b7aa9b2b7b, actions {actions=[org.openqa.selenium.interactions.Sequence@7fbf26fc]}]
Capabilities {acceptInsecureCerts: false, browserName: chrome, browserVersion: 100.0.4896.75, chrome: {chromedriverVersion: 100.0.4896.60 (6a5d10861ce8..., userDataDir: /var/folders/lc/z6m9r3lx617...}, goog:chromeOptions: {debuggerAddress: localhost:54979}, javascriptEnabled: true, networkConnectionEnabled: false, pageLoadStrategy: normal, platform: MAC, platformName: MAC, proxy: Proxy(), se:cdp: ws://localhost:54979/devtoo..., se:cdpVersion: 100.0.4896.75, setWindowRect: true, strictFileInteractability: false, timeouts: {implicit: 0, pageLoad: 300000, script: 30000}, unhandledPromptBehavior: dismiss and notify, webauthn:extension:credBlob: true, webauthn:extension:largeBlob: true, webauthn:virtualAuthenticators: true}
Session ID: 3586e33f7c0a0ef61c8b04b7aa9b2b7b - Test Case Failed</span></td>
				</tr>
				<tr class='log' status='fail'>
					<td class='status fail' title='fail' alt='fail'><i class='material-icons'>cancel</i></td>
					<td class='timestamp'>12:01:38 PM</td>
					<td class='step-details'>ScreenShot is Attached<img data-featherlight='/Users/fexuser/IdeaProjects/Fontexplorerx.com/Screenshots/ScreenshotscheckoutPageTest_20220408120137.png' width='10%' src='' data-src='/Users/fexuser/IdeaProjects/Fontexplorerx.com/Screenshots/ScreenshotscheckoutPageTest_20220408120137.png'></td>
				</tr>
			</tbody>
		</table>
	</div>
					</div>
				</li>
				
				
				<li class='test displayed active  fail' status='fail' bdd='false' test-id='10'>
					<div class='test-heading'>
						<span class='test-name'>addToCartTest</span>
						<span class='test-time'>Apr 8, 2022, 12:01:51 PM</span>
						<span class='test-status right fail'>fail</span>
					</div>
					<div class='test-content hide'>
<div class='test-time-info'>
	<span class='label start-time'>Apr 8, 2022, 12:01:51 PM</span>
	<span class='label end-time'>Apr 8, 2022, 12:02:37 PM</span>
	<span class='label time-taken grey lighten-1 white-text'>0h 0m 45s+486ms</span>
</div>
	<div class='test-steps'>
		<table class='bordered table-results'>
			<thead>
				<tr>
					<th>Status</th>
					<th>Timestamp</th>
					<th>Details</th>
				</tr>
			</thead>
			<tbody>
				<tr class='log' status='fail'>
					<td class='status fail' title='fail' alt='fail'><i class='material-icons'>cancel</i></td>
					<td class='timestamp'>12:02:14 PM</td>
					<td class='step-details'><span class='label white-text red'>addToCartTest - Test Case Failed</span></td>
				</tr>
				<tr class='log' status='fail'>
					<td class='status fail' title='fail' alt='fail'><i class='material-icons'>cancel</i></td>
					<td class='timestamp'>12:02:14 PM</td>
					<td class='step-details'><span class='label white-text red'>org.openqa.selenium.NoSuchElementException: no such element: Unable to locate element: {"method":"xpath","selector":"//td[4]"}
  (Session info: chrome=100.0.4896.75)
For documentation on this error, please visit: https://selenium.dev/exceptions/#no_such_element
Build info: version: '4.1.1', revision: 'e8fcc2cecf'
System info: host: 'Ankitas-MacBook-Pro.local', ip: '2400:1a00:b030:84cb:801f:4430:71cc:71%en0', os.name: 'Mac OS X', os.arch: 'x86_64', os.version: '11.6.4', java.version: '18'
Driver info: org.openqa.selenium.chrome.ChromeDriver
Command: [daa957c5a47957b1fc39ff20155f4260, findElement {using=xpath, value=//td[4]}]
Capabilities {acceptInsecureCerts: false, browserName: chrome, browserVersion: 100.0.4896.75, chrome: {chromedriverVersion: 100.0.4896.60 (6a5d10861ce8..., userDataDir: /var/folders/lc/z6m9r3lx617...}, goog:chromeOptions: {debuggerAddress: localhost:55125}, javascriptEnabled: true, networkConnectionEnabled: false, pageLoadStrategy: normal, platform: MAC, platformName: MAC, proxy: Proxy(), se:cdp: ws://localhost:55125/devtoo..., se:cdpVersion: 100.0.4896.75, setWindowRect: true, strictFileInteractability: false, timeouts: {implicit: 0, pageLoad: 300000, script: 30000}, unhandledPromptBehavior: dismiss and notify, webauthn:extension:credBlob: true, webauthn:extension:largeBlob: true, webauthn:virtualAuthenticators: true}
Session ID: daa957c5a47957b1fc39ff20155f4260 - Test Case Failed</span></td>
				</tr>
				<tr class='log' status='fail'>
					<td class='status fail' title='fail' alt='fail'><i class='material-icons'>cancel</i></td>
					<td class='timestamp'>12:02:37 PM</td>
					<td class='step-details'>ScreenShot is Attached<img data-featherlight='/Users/fexuser/IdeaProjects/Fontexplorerx.com/Screenshots/ScreenshotsaddToCartTest_20220408120214.png' width='10%' src='' data-src='/Users/fexuser/IdeaProjects/Fontexplorerx.com/Screenshots/ScreenshotsaddToCartTest_20220408120214.png'></td>
				</tr>
			</tbody>
		</table>
	</div>
					</div>
				</li>
				
				
				<li class='test displayed active  fail' status='fail' bdd='false' test-id='11'>
					<div class='test-heading'>
						<span class='test-name'>productPageTest</span>
						<span class='test-time'>Apr 8, 2022, 12:02:48 PM</span>
						<span class='test-status right fail'>fail</span>
					</div>
					<div class='test-content hide'>
<div class='test-time-info'>
	<span class='label start-time'>Apr 8, 2022, 12:02:48 PM</span>
	<span class='label end-time'>Apr 8, 2022, 12:03:02 PM</span>
	<span class='label time-taken grey lighten-1 white-text'>0h 0m 13s+695ms</span>
</div>
	<div class='test-steps'>
		<table class='bordered table-results'>
			<thead>
				<tr>
					<th>Status</th>
					<th>Timestamp</th>
					<th>Details</th>
				</tr>
			</thead>
			<tbody>
				<tr class='log' status='fail'>
					<td class='status fail' title='fail' alt='fail'><i class='material-icons'>cancel</i></td>
					<td class='timestamp'>12:03:01 PM</td>
					<td class='step-details'><span class='label white-text red'>productPageTest - Test Case Failed</span></td>
				</tr>
				<tr class='log' status='fail'>
					<td class='status fail' title='fail' alt='fail'><i class='material-icons'>cancel</i></td>
					<td class='timestamp'>12:03:01 PM</td>
					<td class='step-details'><span class='label white-text red'>java.lang.AssertionError: expected [true] but found [false] - Test Case Failed</span></td>
				</tr>
				<tr class='log' status='fail'>
					<td class='status fail' title='fail' alt='fail'><i class='material-icons'>cancel</i></td>
					<td class='timestamp'>12:03:02 PM</td>
					<td class='step-details'>ScreenShot is Attached<img data-featherlight='/Users/fexuser/IdeaProjects/Fontexplorerx.com/Screenshots/ScreenshotsproductPageTest_20220408120301.png' width='10%' src='' data-src='/Users/fexuser/IdeaProjects/Fontexplorerx.com/Screenshots/ScreenshotsproductPageTest_20220408120301.png'></td>
				</tr>
			</tbody>
		</table>
	</div>
					</div>
				</li>
				
				
				<li class='test displayed active  fail' status='fail' bdd='false' test-id='12'>
					<div class='test-heading'>
						<span class='test-name'>specialOfferPageTest</span>
						<span class='test-time'>Apr 8, 2022, 12:03:14 PM</span>
						<span class='test-status right fail'>fail</span>
					</div>
					<div class='test-content hide'>
<div class='test-time-info'>
	<span class='label start-time'>Apr 8, 2022, 12:03:14 PM</span>
	<span class='label end-time'>Apr 8, 2022, 12:03:28 PM</span>
	<span class='label time-taken grey lighten-1 white-text'>0h 0m 13s+995ms</span>
</div>
	<div class='test-steps'>
		<table class='bordered table-results'>
			<thead>
				<tr>
					<th>Status</th>
					<th>Timestamp</th>
					<th>Details</th>
				</tr>
			</thead>
			<tbody>
				<tr class='log' status='fail'>
					<td class='status fail' title='fail' alt='fail'><i class='material-icons'>cancel</i></td>
					<td class='timestamp'>12:03:27 PM</td>
					<td class='step-details'><span class='label white-text red'>specialOfferPageTest - Test Case Failed</span></td>
				</tr>
				<tr class='log' status='fail'>
					<td class='status fail' title='fail' alt='fail'><i class='material-icons'>cancel</i></td>
					<td class='timestamp'>12:03:27 PM</td>
					<td class='step-details'><span class='label white-text red'>org.openqa.selenium.NoSuchElementException: no such element: Unable to locate element: {"method":"xpath","selector":"//h1[normalize-space()='Special offers for Students and Educators.']"}
  (Session info: chrome=100.0.4896.75)
For documentation on this error, please visit: https://selenium.dev/exceptions/#no_such_element
Build info: version: '4.1.1', revision: 'e8fcc2cecf'
System info: host: 'Ankitas-MacBook-Pro.local', ip: '2400:1a00:b030:84cb:801f:4430:71cc:71%en0', os.name: 'Mac OS X', os.arch: 'x86_64', os.version: '11.6.4', java.version: '18'
Driver info: org.openqa.selenium.chrome.ChromeDriver
Command: [2028dd972f2f9311533f3bfa1cf609ed, findElement {using=xpath, value=//h1[normalize-space()='Special offers for Students and Educators.']}]
Capabilities {acceptInsecureCerts: false, browserName: chrome, browserVersion: 100.0.4896.75, chrome: {chromedriverVersion: 100.0.4896.60 (6a5d10861ce8..., userDataDir: /var/folders/lc/z6m9r3lx617...}, goog:chromeOptions: {debuggerAddress: localhost:55432}, javascriptEnabled: true, networkConnectionEnabled: false, pageLoadStrategy: normal, platform: MAC, platformName: MAC, proxy: Proxy(), se:cdp: ws://localhost:55432/devtoo..., se:cdpVersion: 100.0.4896.75, setWindowRect: true, strictFileInteractability: false, timeouts: {implicit: 0, pageLoad: 300000, script: 30000}, unhandledPromptBehavior: dismiss and notify, webauthn:extension:credBlob: true, webauthn:extension:largeBlob: true, webauthn:virtualAuthenticators: true}
Session ID: 2028dd972f2f9311533f3bfa1cf609ed - Test Case Failed</span></td>
				</tr>
				<tr class='log' status='fail'>
					<td class='status fail' title='fail' alt='fail'><i class='material-icons'>cancel</i></td>
					<td class='timestamp'>12:03:28 PM</td>
					<td class='step-details'>ScreenShot is Attached<img data-featherlight='/Users/fexuser/IdeaProjects/Fontexplorerx.com/Screenshots/ScreenshotsspecialOfferPageTest_20220408120327.png' width='10%' src='' data-src='/Users/fexuser/IdeaProjects/Fontexplorerx.com/Screenshots/ScreenshotsspecialOfferPageTest_20220408120327.png'></td>
				</tr>
			</tbody>
		</table>
	</div>
					</div>
				</li>
				
				
				<li class='test displayed active  fail' status='fail' bdd='false' test-id='13'>
					<div class='test-heading'>
						<span class='test-name'>upgradePageTest</span>
						<span class='test-time'>Apr 8, 2022, 12:03:41 PM</span>
						<span class='test-status right fail'>fail</span>
					</div>
					<div class='test-content hide'>
<div class='test-time-info'>
	<span class='label start-time'>Apr 8, 2022, 12:03:41 PM</span>
	<span class='label end-time'>Apr 8, 2022, 12:03:57 PM</span>
	<span class='label time-taken grey lighten-1 white-text'>0h 0m 16s+62ms</span>
</div>
	<div class='test-steps'>
		<table class='bordered table-results'>
			<thead>
				<tr>
					<th>Status</th>
					<th>Timestamp</th>
					<th>Details</th>
				</tr>
			</thead>
			<tbody>
				<tr class='log' status='fail'>
					<td class='status fail' title='fail' alt='fail'><i class='material-icons'>cancel</i></td>
					<td class='timestamp'>12:03:56 PM</td>
					<td class='step-details'><span class='label white-text red'>upgradePageTest - Test Case Failed</span></td>
				</tr>
				<tr class='log' status='fail'>
					<td class='status fail' title='fail' alt='fail'><i class='material-icons'>cancel</i></td>
					<td class='timestamp'>12:03:56 PM</td>
					<td class='step-details'><span class='label white-text red'>org.openqa.selenium.NoSuchElementException: no such element: Unable to locate element: {"method":"xpath","selector":"//h1[normalize-space()='Upgrade Version']"}
  (Session info: chrome=100.0.4896.75)
For documentation on this error, please visit: https://selenium.dev/exceptions/#no_such_element
Build info: version: '4.1.1', revision: 'e8fcc2cecf'
System info: host: 'Ankitas-MacBook-Pro.local', ip: '2400:1a00:b030:84cb:801f:4430:71cc:71%en0', os.name: 'Mac OS X', os.arch: 'x86_64', os.version: '11.6.4', java.version: '18'
Driver info: org.openqa.selenium.chrome.ChromeDriver
Command: [76e01fa5753a2983e6389108eb463052, findElement {using=xpath, value=//h1[normalize-space()='Upgrade Version']}]
Capabilities {acceptInsecureCerts: false, browserName: chrome, browserVersion: 100.0.4896.75, chrome: {chromedriverVersion: 100.0.4896.60 (6a5d10861ce8..., userDataDir: /var/folders/lc/z6m9r3lx617...}, goog:chromeOptions: {debuggerAddress: localhost:55573}, javascriptEnabled: true, networkConnectionEnabled: false, pageLoadStrategy: normal, platform: MAC, platformName: MAC, proxy: Proxy(), se:cdp: ws://localhost:55573/devtoo..., se:cdpVersion: 100.0.4896.75, setWindowRect: true, strictFileInteractability: false, timeouts: {implicit: 0, pageLoad: 300000, script: 30000}, unhandledPromptBehavior: dismiss and notify, webauthn:extension:credBlob: true, webauthn:extension:largeBlob: true, webauthn:virtualAuthenticators: true}
Session ID: 76e01fa5753a2983e6389108eb463052 - Test Case Failed</span></td>
				</tr>
				<tr class='log' status='fail'>
					<td class='status fail' title='fail' alt='fail'><i class='material-icons'>cancel</i></td>
					<td class='timestamp'>12:03:57 PM</td>
					<td class='step-details'>ScreenShot is Attached<img data-featherlight='/Users/fexuser/IdeaProjects/Fontexplorerx.com/Screenshots/ScreenshotsupgradePageTest_20220408120356.png' width='10%' src='' data-src='/Users/fexuser/IdeaProjects/Fontexplorerx.com/Screenshots/ScreenshotsupgradePageTest_20220408120356.png'></td>
				</tr>
			</tbody>
		</table>
	</div>
					</div>
				</li>
				
				
				<li class='test displayed active  fail' status='fail' bdd='false' test-id='14'>
					<div class='test-heading'>
						<span class='test-name'>loginTest</span>
						<span class='test-time'>Apr 8, 2022, 12:04:09 PM</span>
						<span class='test-status right fail'>fail</span>
					</div>
					<div class='test-content hide'>
<div class='test-time-info'>
	<span class='label start-time'>Apr 8, 2022, 12:04:09 PM</span>
	<span class='label end-time'>Apr 8, 2022, 12:04:35 PM</span>
	<span class='label time-taken grey lighten-1 white-text'>0h 0m 26s+596ms</span>
</div>
	<div class='test-steps'>
		<table class='bordered table-results'>
			<thead>
				<tr>
					<th>Status</th>
					<th>Timestamp</th>
					<th>Details</th>
				</tr>
			</thead>
			<tbody>
				<tr class='log' status='fail'>
					<td class='status fail' title='fail' alt='fail'><i class='material-icons'>cancel</i></td>
					<td class='timestamp'>12:04:35 PM</td>
					<td class='step-details'><span class='label white-text red'>loginTest - Test Case Failed</span></td>
				</tr>
				<tr class='log' status='fail'>
					<td class='status fail' title='fail' alt='fail'><i class='material-icons'>cancel</i></td>
					<td class='timestamp'>12:04:35 PM</td>
					<td class='step-details'><span class='label white-text red'>org.openqa.selenium.json.JsonException: java.lang.reflect.InvocationTargetException
Build info: version: '4.1.1', revision: 'e8fcc2cecf'
System info: host: 'Ankitas-MacBook-Pro.local', ip: '2400:1a00:b030:84cb:801f:4430:71cc:71%en0', os.name: 'Mac OS X', os.arch: 'x86_64', os.version: '11.6.4', java.version: '18'
Driver info: org.openqa.selenium.chrome.ChromeDriver
Command: [318106db0123299cee8fd53e6b63b1b7, actions {actions=[org.openqa.selenium.interactions.Sequence@1fcaea93]}]
Capabilities {acceptInsecureCerts: false, browserName: chrome, browserVersion: 100.0.4896.75, chrome: {chromedriverVersion: 100.0.4896.60 (6a5d10861ce8..., userDataDir: /var/folders/lc/z6m9r3lx617...}, goog:chromeOptions: {debuggerAddress: localhost:55712}, javascriptEnabled: true, networkConnectionEnabled: false, pageLoadStrategy: normal, platform: MAC, platformName: MAC, proxy: Proxy(), se:cdp: ws://localhost:55712/devtoo..., se:cdpVersion: 100.0.4896.75, setWindowRect: true, strictFileInteractability: false, timeouts: {implicit: 0, pageLoad: 300000, script: 30000}, unhandledPromptBehavior: dismiss and notify, webauthn:extension:credBlob: true, webauthn:extension:largeBlob: true, webauthn:virtualAuthenticators: true}
Session ID: 318106db0123299cee8fd53e6b63b1b7 - Test Case Failed</span></td>
				</tr>
				<tr class='log' status='fail'>
					<td class='status fail' title='fail' alt='fail'><i class='material-icons'>cancel</i></td>
					<td class='timestamp'>12:04:35 PM</td>
					<td class='step-details'>ScreenShot is Attached<img data-featherlight='/Users/fexuser/IdeaProjects/Fontexplorerx.com/Screenshots/ScreenshotsloginTest_20220408120435.png' width='10%' src='' data-src='/Users/fexuser/IdeaProjects/Fontexplorerx.com/Screenshots/ScreenshotsloginTest_20220408120435.png'></td>
				</tr>
			</tbody>
		</table>
	</div>
					</div>
				</li>
				
				
				<li class='test displayed active  fail' status='fail' bdd='false' test-id='15'>
					<div class='test-heading'>
						<span class='test-name'>featurePageTest</span>
						<span class='test-time'>Apr 8, 2022, 12:04:48 PM</span>
						<span class='test-status right fail'>fail</span>
					</div>
					<div class='test-content hide'>
<div class='test-time-info'>
	<span class='label start-time'>Apr 8, 2022, 12:04:48 PM</span>
	<span class='label end-time'>Apr 8, 2022, 12:04:59 PM</span>
	<span class='label time-taken grey lighten-1 white-text'>0h 0m 11s+173ms</span>
</div>
	<div class='test-steps'>
		<table class='bordered table-results'>
			<thead>
				<tr>
					<th>Status</th>
					<th>Timestamp</th>
					<th>Details</th>
				</tr>
			</thead>
			<tbody>
				<tr class='log' status='fail'>
					<td class='status fail' title='fail' alt='fail'><i class='material-icons'>cancel</i></td>
					<td class='timestamp'>12:04:58 PM</td>
					<td class='step-details'><span class='label white-text red'>featurePageTest - Test Case Failed</span></td>
				</tr>
				<tr class='log' status='fail'>
					<td class='status fail' title='fail' alt='fail'><i class='material-icons'>cancel</i></td>
					<td class='timestamp'>12:04:58 PM</td>
					<td class='step-details'><span class='label white-text red'>org.openqa.selenium.NoSuchElementException: no such element: Unable to locate element: {"method":"xpath","selector":"//h1[@class='features-headline']"}
  (Session info: chrome=100.0.4896.75)
For documentation on this error, please visit: https://selenium.dev/exceptions/#no_such_element
Build info: version: '4.1.1', revision: 'e8fcc2cecf'
System info: host: 'Ankitas-MacBook-Pro.local', ip: '2400:1a00:b030:84cb:801f:4430:71cc:71%en0', os.name: 'Mac OS X', os.arch: 'x86_64', os.version: '11.6.4', java.version: '18'
Driver info: org.openqa.selenium.chrome.ChromeDriver
Command: [04d77c04b745da26ec075bcea6a3461b, findElement {using=xpath, value=//h1[@class='features-headline']}]
Capabilities {acceptInsecureCerts: false, browserName: chrome, browserVersion: 100.0.4896.75, chrome: {chromedriverVersion: 100.0.4896.60 (6a5d10861ce8..., userDataDir: /var/folders/lc/z6m9r3lx617...}, goog:chromeOptions: {debuggerAddress: localhost:55866}, javascriptEnabled: true, networkConnectionEnabled: false, pageLoadStrategy: normal, platform: MAC, platformName: MAC, proxy: Proxy(), se:cdp: ws://localhost:55866/devtoo..., se:cdpVersion: 100.0.4896.75, setWindowRect: true, strictFileInteractability: false, timeouts: {implicit: 0, pageLoad: 300000, script: 30000}, unhandledPromptBehavior: dismiss and notify, webauthn:extension:credBlob: true, webauthn:extension:largeBlob: true, webauthn:virtualAuthenticators: true}
Session ID: 04d77c04b745da26ec075bcea6a3461b - Test Case Failed</span></td>
				</tr>
				<tr class='log' status='fail'>
					<td class='status fail' title='fail' alt='fail'><i class='material-icons'>cancel</i></td>
					<td class='timestamp'>12:04:59 PM</td>
					<td class='step-details'>ScreenShot is Attached<img data-featherlight='/Users/fexuser/IdeaProjects/Fontexplorerx.com/Screenshots/ScreenshotsfeaturePageTest_20220408120458.png' width='10%' src='' data-src='/Users/fexuser/IdeaProjects/Fontexplorerx.com/Screenshots/ScreenshotsfeaturePageTest_20220408120458.png'></td>
				</tr>
			</tbody>
		</table>
	</div>
					</div>
				</li>
				
				
				<li class='test displayed active  fail' status='fail' bdd='false' test-id='16'>
					<div class='test-heading'>
						<span class='test-name'>logoutPageTest</span>
						<span class='test-time'>Apr 8, 2022, 12:05:10 PM</span>
						<span class='test-status right fail'>fail</span>
					</div>
					<div class='test-content hide'>
<div class='test-time-info'>
	<span class='label start-time'>Apr 8, 2022, 12:05:10 PM</span>
	<span class='label end-time'>Apr 8, 2022, 12:05:36 PM</span>
	<span class='label time-taken grey lighten-1 white-text'>0h 0m 26s+679ms</span>
</div>
	<div class='test-steps'>
		<table class='bordered table-results'>
			<thead>
				<tr>
					<th>Status</th>
					<th>Timestamp</th>
					<th>Details</th>
				</tr>
			</thead>
			<tbody>
				<tr class='log' status='fail'>
					<td class='status fail' title='fail' alt='fail'><i class='material-icons'>cancel</i></td>
					<td class='timestamp'>12:05:35 PM</td>
					<td class='step-details'><span class='label white-text red'>logoutPageTest - Test Case Failed</span></td>
				</tr>
				<tr class='log' status='fail'>
					<td class='status fail' title='fail' alt='fail'><i class='material-icons'>cancel</i></td>
					<td class='timestamp'>12:05:35 PM</td>
					<td class='step-details'><span class='label white-text red'>org.openqa.selenium.json.JsonException: java.lang.reflect.InvocationTargetException
Build info: version: '4.1.1', revision: 'e8fcc2cecf'
System info: host: 'Ankitas-MacBook-Pro.local', ip: '2400:1a00:b030:84cb:801f:4430:71cc:71%en0', os.name: 'Mac OS X', os.arch: 'x86_64', os.version: '11.6.4', java.version: '18'
Driver info: org.openqa.selenium.chrome.ChromeDriver
Command: [1261c105bf178c17bca5b27f0fba0e87, actions {actions=[org.openqa.selenium.interactions.Sequence@7ed8b44]}]
Capabilities {acceptInsecureCerts: false, browserName: chrome, browserVersion: 100.0.4896.75, chrome: {chromedriverVersion: 100.0.4896.60 (6a5d10861ce8..., userDataDir: /var/folders/lc/z6m9r3lx617...}, goog:chromeOptions: {debuggerAddress: localhost:56007}, javascriptEnabled: true, networkConnectionEnabled: false, pageLoadStrategy: normal, platform: MAC, platformName: MAC, proxy: Proxy(), se:cdp: ws://localhost:56007/devtoo..., se:cdpVersion: 100.0.4896.75, setWindowRect: true, strictFileInteractability: false, timeouts: {implicit: 0, pageLoad: 300000, script: 30000}, unhandledPromptBehavior: dismiss and notify, webauthn:extension:credBlob: true, webauthn:extension:largeBlob: true, webauthn:virtualAuthenticators: true}
Session ID: 1261c105bf178c17bca5b27f0fba0e87 - Test Case Failed</span></td>
				</tr>
				<tr class='log' status='fail'>
					<td class='status fail' title='fail' alt='fail'><i class='material-icons'>cancel</i></td>
					<td class='timestamp'>12:05:36 PM</td>
					<td class='step-details'>ScreenShot is Attached<img data-featherlight='/Users/fexuser/IdeaProjects/Fontexplorerx.com/Screenshots/ScreenshotslogoutPageTest_20220408120535.png' width='10%' src='' data-src='/Users/fexuser/IdeaProjects/Fontexplorerx.com/Screenshots/ScreenshotslogoutPageTest_20220408120535.png'></td>
				</tr>
			</tbody>
		</table>
	</div>
					</div>
				</li>
			</ul>
		</div>
	</div>
	<!-- subview left -->

	<div class='subview-right left'>
		<div class='view-summary'>
			<h5 class='test-name'></h5>

			<div id='step-filters' class="right">
				<span class="blue-text" status="info" alt="info" title="info"><i class="material-icons">info_outline</i></span>
				<span class="green-text" status="pass" alt="pass" title="pass"><i class="material-icons">check_circle</i></span>
				<span class="red-text" status="fail" alt="fail" title="fail"><i class="material-icons">cancel</i></span>
				<span class="red-text text-darken-4" status="fatal" alt="fatal" title="fatal"><i class="material-icons">cancel</i></span>
				<span class="pink-text text-lighten-1" status="error" alt="error" title="error"><i class="material-icons">error</i></span>
				<span class="orange-text" alt="warning" status="warning" title="warning"><i class="material-icons">warning</i></span>
				<span class="teal-text" status="skip" alt="skip" title="skip"><i class="material-icons">redo</i></span>
				<span status="clear" alt="Clear filters" title="Clear filters"><i class="material-icons">clear</i></span>
			</div>
		</div>
	</div>
	<!-- subview right -->

</div>
<!-- test view --><!-- category view --><!-- exception view --><div id='dashboard-view' class='view hide'>
	<div class='card-panel transparent np-v'>
		<h5>Dashboard</h5>

		<div class='row'>
			<div class='col s2'>
				<div class='card-panel r'>
					Tests
					<div class='panel-lead'>16</div>
				</div>
			</div>
			<div class='col s2'>
				<div class='card-panel r'>
					Steps
					<div class='panel-lead'>42</div>
				</div>
			</div>
			<div class='col s2'>
				<div class='card-panel r'>
					Start
					<div class='panel-lead'>Apr 8, 2022, 11:56:35 AM</div>
				</div>
			</div>
			<div class='col s2'>
				<div class='card-panel r'>
			 		End
			 		<div class='panel-lead'>Apr 8, 2022, 12:05:38 PM</div>
				</div>
			</div>
			<div class='col s2'>
				<div class='card-panel r'>
					Time Taken
					<div class='panel-lead'>543,124ms</div>
				</div>
			</div>
			<div class='col s4'>
				<div class='card-panel environment'>
					<span class='right label cyan white-text'>Environment</span><p>&nbsp;</p>
					
					<table>
						<tr>
							<th>Name</th>
							<th>Value</th>
						</tr>
							<tr>
								<td>HostName</td>
								<td>MyHost</td>
							</tr>
							<tr>
								<td>ProjectName</td>
								<td>FontExplorerX.com</td>
							</tr>
							<tr>
								<td>Tester</td>
								<td>Ankita Gupta</td>
							</tr>
							<tr>
								<td>OS</td>
								<td>MAC BigSur</td>
							</tr>
							<tr>
								<td>Browser</td>
								<td>Chrome</td>
							</tr>
					</table>
				</div>
			</div>
		</div>
	</div>
</div>
<!-- dashboard view --><!-- testrunner-logs view -->
		</div>
		<!-- container -->

		<script>
			var statusGroup = {
				passParent: 3,
				failParent: 13,
				fatalParent: 0,
				errorParent: 0,
				warningParent: 0,
				skipParent: 0,
				exceptionsParent: 13,
				
				passChild: 3,
				failChild: 39,
				fatalChild: 0,
				errorChild: 0,
				warningChild: 0,
				skipChild: 0,
				infoChild: 0,
				exceptionsChild: 39,
				
				passGrandChild: 0,
				failGrandChild: 0,
				fatalGrandChild: 0,
				errorGrandChild: 0,
				warningGrandChild: 0,
				skipGrandChild: 0,
				infoGrandChild: 0,
				exceptionsGrandChild: 0,
			};
		</script>

		<script src='http://cdn.rawgit.com/anshooarora/extentreports-java/9fa70d0ed9c34a8ed445ceee3494d3d7de7f8918/dist/js/extent.js' type='text/javascript'></script>

		
	</body>
	
</html>
